PRT1
72
191
4 0 22 (960 0 576 ) (224 0 576 ) (224 0 192 ) (960 0 192 ) 
4 0 6 (960 0 192 ) (224 0 192 ) (224 1024 192 ) (960 1024 192 ) 
4 0 2 (224 0 224 ) (224 0 576 ) (224 640 576 ) (224 640 224 ) 
4 0 1 (224 1024 192 ) (224 640 192 ) (224 640 576 ) (224 1024 576 ) 
4 1 7 (192 640 192 ) (192 1024 192 ) (224 1024 192 ) (224 640 192 ) 
4 1 4 (192 1024 192 ) (192 640 192 ) (192 640 224 ) (192 1024 224 ) 
4 1 3 (192 640 224 ) (192 640 576 ) (192 1024 576 ) (192 1024 224 ) 
4 1 2 (224 640 224 ) (224 640 576 ) (192 640 576 ) (192 640 224 ) 
4 2 23 (224 0 576 ) (192 0 576 ) (192 0 224 ) (224 0 224 ) 
4 2 3 (192 0 224 ) (192 0 576 ) (192 640 576 ) (192 640 224 ) 
4 3 37 (0 0 224 ) (0 0 576 ) (0 1024 576 ) (0 1024 224 ) 
4 3 25 (0 0 576 ) (0 0 224 ) (192 0 224 ) (192 0 576 ) 
4 3 4 (0 1024 224 ) (192 1024 224 ) (192 640 224 ) (0 640 224 ) 
4 3 5 (192 576 224 ) (192 0 224 ) (0 0 224 ) (0 576 224 ) 
4 4 38 (0 640 224 ) (0 1024 224 ) (0 1024 192 ) (0 640 192 ) 
4 4 7 (0 640 192 ) (0 1024 192 ) (192 1024 192 ) (192 640 192 ) 
4 5 39 (0 0 192 ) (0 0 224 ) (0 576 224 ) (0 576 192 ) 
4 5 26 (0 0 224 ) (0 0 192 ) (192 0 192 ) (192 0 224 ) 
4 5 10 (192 0 192 ) (0 0 192 ) (0 576 192 ) (192 576 192 ) 
4 6 33 (224 0 128 ) (224 0 -384 ) (960 0 -384 ) (960 0 128 ) 
4 6 29 (960 0 192 ) (224 0 192 ) (224 0 128 ) (960 0 128 ) 
4 6 12 (224 0 -64 ) (224 0 0 ) (224 576 0 ) (224 576 -64 ) 
4 6 21 (224 576 -384 ) (224 0 -384 ) (224 0 -64 ) (224 576 -64 ) 
4 6 9 (224 0 128 ) (224 0 192 ) (224 576 192 ) (224 576 128 ) 
4 6 8 (224 640 -384 ) (224 576 -384 ) (224 576 0 ) (224 640 0 ) 
4 6 7 (224 1024 -384 ) (224 640 -384 ) (224 640 192 ) (224 1024 192 ) 
4 7 43 (0 640 192 ) (0 1024 192 ) (0 1024 -384 ) (0 640 -384 ) 
4 7 8 (0 640 -384 ) (224 640 -384 ) (224 640 0 ) (0 640 0 ) 
4 8 44 (0 640 0 ) (0 640 -384 ) (0 576 -384 ) (0 576 0 ) 
4 8 15 (192 576 0 ) (0 576 0 ) (0 576 -48 ) (192 576 -48 ) 
4 8 17 (0 576 -48 ) (0 576 -64 ) (192 576 -64 ) (192 576 -48 ) 
4 8 13 (193 576 0 ) (192 576 0 ) (192 576 -64 ) (193 576 -64 ) 
4 8 12 (224 576 -64 ) (224 576 0 ) (193 576 0 ) (193 576 -64 ) 
4 8 21 (0 576 -384 ) (224 576 -384 ) (224 576 -64 ) (0 576 -64 ) 
4 9 30 (224 0 192 ) (192 0 192 ) (192 0 128 ) (224 0 128 ) 
4 9 10 (192 576 192 ) (192 576 128 ) (192 0 128 ) (192 0 192 ) 
4 10 45 (0 0 128 ) (0 0 192 ) (0 576 192 ) (0 576 128 ) 
4 10 32 (192 0 192 ) (0 0 192 ) (0 0 128 ) (192 0 128 ) 
4 10 11 (0 0 128 ) (0 576 128 ) (192 576 128 ) (192 0 128 ) 
4 11 45 (0 0 1 ) (0 0 128 ) (0 576 128 ) (0 576 1 ) 
4 11 36 (0 0 128 ) (0 0 1 ) (192 0 1 ) (192 0 128 ) 
4 11 19 (192 192 1 ) (192 69 1 ) (0 69 1 ) (0 192 1 ) 
4 11 20 (192 64 1 ) (192 0 1 ) (0 0 1 ) (0 64 1 ) 
4 11 18 (192 320 1 ) (192 197 1 ) (0 197 1 ) (0 320 1 ) 
4 11 15 (0 576 1 ) (192 576 1 ) (192 453 1 ) (0 453 1 ) 
4 11 16 (192 448 1 ) (192 325 1 ) (0 325 1 ) (0 448 1 ) 
4 12 34 (193 0 -64 ) (224 0 -64 ) (224 0 0 ) (193 0 0 ) 
4 12 14 (193 64 -64 ) (193 0 -64 ) (193 0 0 ) (193 64 0 ) 
4 12 13 (193 576 -64 ) (193 69 -64 ) (193 69 0 ) (193 576 0 ) 
4 12 21 (193 576 -64 ) (224 576 -64 ) (224 0 -64 ) (193 0 -64 ) 
4 13 19 (192 192 -64 ) (192 69 -64 ) (192 69 0 ) (192 192 0 ) 
4 13 18 (192 320 -64 ) (192 197 -64 ) (192 197 0 ) (192 320 0 ) 
4 13 15 (192 453 0 ) (192 576 0 ) (192 576 -48 ) (192 453 -48 ) 
4 13 16 (192 325 0 ) (192 448 0 ) (192 448 -48 ) (192 325 -48 ) 
4 13 17 (192 576 -64 ) (192 320 -64 ) (192 320 -48 ) (192 576 -48 ) 
4 13 21 (192 576 -64 ) (193 576 -64 ) (193 69 -64 ) (192 69 -64 ) 
4 14 34 (192 0 -64 ) (193 0 -64 ) (193 0 0 ) (192 0 0 ) 
4 14 20 (192 64 -64 ) (192 0 -64 ) (192 0 0 ) (192 64 0 ) 
4 14 21 (193 64 -64 ) (193 0 -64 ) (192 0 -64 ) (192 64 -64 ) 
4 15 46 (0 453 1 ) (0 576 1 ) (0 576 -48 ) (0 453 -48 ) 
4 15 17 (0 453 -48 ) (0 576 -48 ) (192 576 -48 ) (192 453 -48 ) 
4 16 47 (0 325 1 ) (0 448 1 ) (0 448 -48 ) (0 325 -48 ) 
4 16 17 (0 325 -48 ) (0 448 -48 ) (192 448 -48 ) (192 325 -48 ) 
4 17 48 (0 576 -48 ) (0 576 -64 ) (0 320 -64 ) (0 320 -48 ) 
4 17 18 (0 320 -64 ) (192 320 -64 ) (192 320 -48 ) (0 320 -48 ) 
4 17 21 (0 320 -64 ) (0 576 -64 ) (192 576 -64 ) (192 320 -64 ) 
4 18 49 (0 197 1 ) (0 320 1 ) (0 320 -64 ) (0 197 -64 ) 
4 18 21 (0 197 -64 ) (0 320 -64 ) (192 320 -64 ) (192 197 -64 ) 
4 19 50 (0 69 1 ) (0 192 1 ) (0 192 -64 ) (0 69 -64 ) 
4 19 21 (0 69 -64 ) (0 192 -64 ) (192 192 -64 ) (192 69 -64 ) 
4 20 51 (0 0 -64 ) (0 0 1 ) (0 64 1 ) (0 64 -64 ) 
4 20 36 (0 0 1 ) (0 0 -64 ) (192 0 -64 ) (192 0 1 ) 
4 20 21 (0 0 -64 ) (0 64 -64 ) (192 64 -64 ) (192 0 -64 ) 
4 21 53 (0 0 -384 ) (0 0 -64 ) (0 576 -64 ) (0 576 -384 ) 
4 21 34 (192 0 -384 ) (224 0 -384 ) (224 0 -64 ) (192 0 -64 ) 
4 21 36 (0 0 -64 ) (0 0 -384 ) (192 0 -384 ) (192 0 -64 ) 
4 22 29 (224 0 192 ) (960 0 192 ) (960 -640 192 ) (224 -640 192 ) 
4 22 23 (224 -192 224 ) (224 -192 576 ) (224 0 576 ) (224 0 224 ) 
4 22 24 (224 -192 192 ) (224 -640 192 ) (224 -640 576 ) (224 -192 576 ) 
4 23 27 (192 -192 224 ) (192 -192 576 ) (192 -128 576 ) (192 -128 224 ) 
4 23 25 (192 -128 576 ) (192 0 576 ) (192 0 224 ) (192 -128 224 ) 
4 23 24 (192 -192 576 ) (192 -192 224 ) (224 -192 224 ) (224 -192 576 ) 
4 24 31 (192 -640 192 ) (192 -192 192 ) (224 -192 192 ) (224 -640 192 ) 
4 24 28 (192 -192 192 ) (192 -640 192 ) (192 -640 576 ) (192 -192 576 ) 
4 25 57 (0 -128 576 ) (0 0 576 ) (0 0 224 ) (0 -128 224 ) 
4 25 27 (192 -128 224 ) (192 -128 576 ) (0 -128 576 ) (0 -128 224 ) 
4 25 26 (192 -128 224 ) (0 -128 224 ) (0 0 224 ) (192 0 224 ) 
4 26 58 (0 0 224 ) (0 0 192 ) (0 -128 192 ) (0 -128 224 ) 
4 26 32 (0 -128 192 ) (0 0 192 ) (192 0 192 ) (192 -128 192 ) 
4 27 59 (0 -192 576 ) (0 -128 576 ) (0 -128 224 ) (0 -192 224 ) 
4 27 28 (192 -192 224 ) (192 -192 576 ) (0 -192 576 ) (0 -192 224 ) 
4 28 60 (0 -640 576 ) (0 -192 576 ) (0 -192 192 ) (0 -640 192 ) 
4 28 32 (0 -640 192 ) (0 -192 192 ) (192 -192 192 ) (192 -640 192 ) 
4 29 33 (224 0 128 ) (960 0 128 ) (960 -640 128 ) (224 -640 128 ) 
4 29 31 (224 -192 128 ) (224 -640 128 ) (224 -640 192 ) (224 -192 192 ) 
4 29 30 (224 0 128 ) (224 -192 128 ) (224 -192 192 ) (224 0 192 ) 
4 30 32 (192 0 128 ) (192 -192 128 ) (192 -192 192 ) (192 0 192 ) 
4 30 31 (192 -192 192 ) (192 -192 128 ) (224 -192 128 ) (224 -192 192 ) 
4 31 35 (224 -192 128 ) (224 -640 128 ) (192 -640 128 ) (192 -192 128 ) 
4 31 32 (192 -192 128 ) (192 -640 128 ) (192 -640 192 ) (192 -192 192 ) 
4 32 64 (0 -640 192 ) (0 0 192 ) (0 0 128 ) (0 -640 128 ) 
4 32 36 (0 -640 128 ) (0 0 128 ) (192 0 128 ) (192 -640 128 ) 
4 33 34 (224 0 -384 ) (224 -192 -384 ) (224 -192 0 ) (224 0 0 ) 
4 33 35 (224 -192 -384 ) (224 -640 -384 ) (224 -640 128 ) (224 -192 128 ) 
4 34 35 (192 -192 0 ) (192 -192 -384 ) (224 -192 -384 ) (224 -192 0 ) 
4 34 36 (192 0 -384 ) (192 -192 -384 ) (192 -192 0 ) (192 0 0 ) 
4 35 36 (192 -192 -384 ) (192 -640 -384 ) (192 -640 128 ) (192 -192 128 ) 
4 36 68 (0 -640 128 ) (0 0 128 ) (0 0 -384 ) (0 -640 -384 ) 
4 37 57 (0 0 224 ) (0 0 576 ) (-192 0 576 ) (-192 0 224 ) 
4 37 41 (-192 0 224 ) (-192 0 576 ) (-192 640 576 ) (-192 640 224 ) 
4 37 40 (-192 640 576 ) (-192 1024 576 ) (-192 1024 224 ) (-192 640 224 ) 
4 37 38 (-192 640 224 ) (-192 1024 224 ) (0 1024 224 ) (0 640 224 ) 
4 37 39 (0 0 224 ) (-192 0 224 ) (-192 576 224 ) (0 576 224 ) 
4 38 43 (-192 640 192 ) (-192 1024 192 ) (0 1024 192 ) (0 640 192 ) 
4 38 40 (-192 1024 192 ) (-192 640 192 ) (-192 640 224 ) (-192 1024 224 ) 
4 39 58 (0 0 192 ) (0 0 224 ) (-192 0 224 ) (-192 0 192 ) 
4 39 45 (0 0 192 ) (-192 0 192 ) (-192 576 192 ) (0 576 192 ) 
4 40 43 (-224 640 192 ) (-224 1024 192 ) (-192 1024 192 ) (-192 640 192 ) 
4 40 42 (-224 1024 192 ) (-224 640 192 ) (-224 640 576 ) (-224 1024 576 ) 
4 40 41 (-224 640 576 ) (-224 640 224 ) (-192 640 224 ) (-192 640 576 ) 
4 41 61 (-192 0 224 ) (-192 0 576 ) (-224 0 576 ) (-224 0 224 ) 
4 41 42 (-224 0 224 ) (-224 0 576 ) (-224 640 576 ) (-224 640 224 ) 
4 42 63 (-832 0 192 ) (-224 0 192 ) (-224 0 576 ) (-832 0 576 ) 
4 42 56 (-224 0 192 ) (-832 0 192 ) (-832 1024 192 ) (-224 1024 192 ) 
4 43 56 (-224 1024 -384 ) (-224 640 -384 ) (-224 640 192 ) (-224 1024 192 ) 
4 43 44 (-224 640 0 ) (-224 640 -384 ) (0 640 -384 ) (0 640 0 ) 
4 44 56 (-224 640 -384 ) (-224 576 -384 ) (-224 576 0 ) (-224 640 0 ) 
4 44 55 (-224 576 0 ) (-224 576 -384 ) (-192 576 -384 ) (-192 576 0 ) 
4 44 46 (0 576 -48 ) (0 576 0 ) (-192 576 0 ) (-192 576 -48 ) 
4 44 48 (0 576 -64 ) (0 576 -48 ) (-192 576 -48 ) (-192 576 -64 ) 
4 44 53 (-192 576 -384 ) (0 576 -384 ) (0 576 -64 ) (-192 576 -64 ) 
4 45 68 (0 0 1 ) (0 0 128 ) (-192 0 128 ) (-192 0 1 ) 
4 45 64 (0 0 128 ) (0 0 192 ) (-192 0 192 ) (-192 0 128 ) 
4 45 54 (-192 576 192 ) (-192 576 128 ) (-192 0 128 ) (-192 0 192 ) 
4 45 50 (-191 192 1 ) (0 192 1 ) (0 69 1 ) (-191 69 1 ) 
4 45 51 (0 64 1 ) (0 0 1 ) (-191 0 1 ) (-191 64 1 ) 
4 45 52 (-192 0 1 ) (-192 192 1 ) (-191 192 1 ) (-191 0 1 ) 
4 45 49 (-192 197 1 ) (-192 320 1 ) (0 320 1 ) (0 197 1 ) 
4 45 46 (-192 453 1 ) (-192 576 1 ) (0 576 1 ) (0 453 1 ) 
4 45 47 (-192 325 1 ) (-192 448 1 ) (0 448 1 ) (0 325 1 ) 
4 46 55 (-192 576 0 ) (-192 576 -48 ) (-192 453 -48 ) (-192 453 0 ) 
4 46 48 (-192 453 -48 ) (-192 576 -48 ) (0 576 -48 ) (0 453 -48 ) 
4 47 55 (-192 448 -48 ) (-192 325 -48 ) (-192 325 0 ) (-192 448 0 ) 
4 47 48 (-192 325 -48 ) (-192 448 -48 ) (0 448 -48 ) (0 325 -48 ) 
4 48 55 (-192 576 -48 ) (-192 576 -64 ) (-192 320 -64 ) (-192 320 -48 ) 
4 48 49 (-192 320 -64 ) (0 320 -64 ) (0 320 -48 ) (-192 320 -48 ) 
4 48 53 (-192 320 -64 ) (-192 576 -64 ) (0 576 -64 ) (0 320 -64 ) 
4 49 55 (-192 320 -64 ) (-192 197 -64 ) (-192 197 0 ) (-192 320 0 ) 
4 49 53 (-192 197 -64 ) (-192 320 -64 ) (0 320 -64 ) (0 197 -64 ) 
4 50 53 (-191 69 -64 ) (-191 192 -64 ) (0 192 -64 ) (0 69 -64 ) 
4 50 52 (-191 192 1 ) (-191 192 -64 ) (-191 69 -64 ) (-191 69 1 ) 
4 51 68 (0 0 -64 ) (0 0 1 ) (-191 0 1 ) (-191 0 -64 ) 
4 51 52 (-191 64 -64 ) (-191 0 -64 ) (-191 0 1 ) (-191 64 1 ) 
4 51 53 (0 0 -64 ) (-191 0 -64 ) (-191 64 -64 ) (0 64 -64 ) 
4 52 68 (-191 0 1 ) (-192 0 1 ) (-192 0 -64 ) (-191 0 -64 ) 
4 52 55 (-192 192 -64 ) (-192 0 -64 ) (-192 0 0 ) (-192 192 0 ) 
4 52 53 (-191 0 -64 ) (-192 0 -64 ) (-192 192 -64 ) (-191 192 -64 ) 
4 53 68 (0 0 -384 ) (0 0 -64 ) (-192 0 -64 ) (-192 0 -384 ) 
4 53 55 (-192 576 -64 ) (-192 576 -384 ) (-192 0 -384 ) (-192 0 -64 ) 
4 54 65 (-192 0 192 ) (-224 0 192 ) (-224 0 128 ) (-192 0 128 ) 
4 54 56 (-224 0 128 ) (-224 0 192 ) (-224 576 192 ) (-224 576 128 ) 
4 55 69 (-224 0 0 ) (-224 0 -384 ) (-192 0 -384 ) (-192 0 0 ) 
4 55 56 (-224 576 -384 ) (-224 0 -384 ) (-224 0 0 ) (-224 576 0 ) 
4 56 71 (-832 0 128 ) (-832 0 -384 ) (-224 0 -384 ) (-224 0 128 ) 
4 56 67 (-224 0 192 ) (-832 0 192 ) (-832 0 128 ) (-224 0 128 ) 
4 57 61 (-192 -128 224 ) (-192 -128 576 ) (-192 0 576 ) (-192 0 224 ) 
4 57 59 (-192 -128 576 ) (-192 -128 224 ) (0 -128 224 ) (0 -128 576 ) 
4 57 58 (0 -128 224 ) (-192 -128 224 ) (-192 0 224 ) (0 0 224 ) 
4 58 64 (-192 -128 192 ) (-192 0 192 ) (0 0 192 ) (0 -128 192 ) 
4 59 61 (-192 -192 224 ) (-192 -192 576 ) (-192 -128 576 ) (-192 -128 224 ) 
4 59 60 (-192 -192 576 ) (-192 -192 224 ) (0 -192 224 ) (0 -192 576 ) 
4 60 64 (-192 -640 192 ) (-192 -192 192 ) (0 -192 192 ) (0 -640 192 ) 
4 60 62 (-192 -192 192 ) (-192 -640 192 ) (-192 -640 576 ) (-192 -192 576 ) 
4 61 62 (-224 -192 576 ) (-224 -192 224 ) (-192 -192 224 ) (-192 -192 576 ) 
4 61 63 (-224 -192 224 ) (-224 -192 576 ) (-224 0 576 ) (-224 0 224 ) 
4 62 66 (-192 -192 192 ) (-192 -640 192 ) (-224 -640 192 ) (-224 -192 192 ) 
4 62 63 (-224 -192 192 ) (-224 -640 192 ) (-224 -640 576 ) (-224 -192 576 ) 
4 63 67 (-832 -640 192 ) (-832 0 192 ) (-224 0 192 ) (-224 -640 192 ) 
4 64 68 (-192 0 128 ) (0 0 128 ) (0 -640 128 ) (-192 -640 128 ) 
4 64 66 (-192 -192 128 ) (-192 -640 128 ) (-192 -640 192 ) (-192 -192 192 ) 
4 64 65 (-192 0 128 ) (-192 -192 128 ) (-192 -192 192 ) (-192 0 192 ) 
4 65 67 (-224 0 128 ) (-224 -192 128 ) (-224 -192 192 ) (-224 0 192 ) 
4 65 66 (-224 -192 192 ) (-224 -192 128 ) (-192 -192 128 ) (-192 -192 192 ) 
4 66 70 (-192 -192 128 ) (-192 -640 128 ) (-224 -640 128 ) (-224 -192 128 ) 
4 66 67 (-224 -192 128 ) (-224 -640 128 ) (-224 -640 192 ) (-224 -192 192 ) 
4 67 71 (-832 -640 128 ) (-832 0 128 ) (-224 0 128 ) (-224 -640 128 ) 
4 68 69 (-192 0 -384 ) (-192 -192 -384 ) (-192 -192 0 ) (-192 0 0 ) 
4 68 70 (-192 -192 -384 ) (-192 -640 -384 ) (-192 -640 128 ) (-192 -192 128 ) 
4 69 70 (-224 -192 0 ) (-224 -192 -384 ) (-192 -192 -384 ) (-192 -192 0 ) 
4 69 71 (-224 0 -384 ) (-224 -192 -384 ) (-224 -192 0 ) (-224 0 0 ) 
4 70 71 (-224 -192 -384 ) (-224 -640 -384 ) (-224 -640 128 ) (-224 -192 128 ) 
